<?xml version="1.0" encoding="UTF-8"?>
<!-- Generated by org.testng.reporters.JUnitReportReporter -->
<testsuite hostname="Saurabhchoudhari" failures="0" tests="4" name="Saurabhpackage.Testngday1" time="0.031" errors="0" timestamp="2023-12-26T14:30:54 IST" skipped="1">
  <testcase classname="Saurabhpackage.Testngday1" name="Demo2" time="0.003"/>
  <system-out/>
  <testcase classname="Saurabhpackage.Testngday1" name="Demo1" time="0.008"/>
  <system-out/>
  <testcase classname="Saurabhpackage.Testngday1" name="demoTest" time="0.020"/>
  <system-out/>
  <testcase classname="Saurabhpackage.Testngday1" name="newDemoNew">
    <skipped/>
  </testcase> <!-- newDemoNew -->
  <system-out/>
</testsuite> <!-- Saurabhpackage.Testngday1 -->
