<?xml version="1.0" encoding="UTF-8"?>
<!-- Generated by org.testng.reporters.JUnitReportReporter -->
<testsuite hostname="Saurabhchoudhari" failures="0" tests="1" name="Saurabhpackage.Testngday2" time="0.004" errors="0" timestamp="2023-12-26T14:30:54 IST" skipped="0">
  <testcase classname="Saurabhpackage.Testngday2" name="Demo3" time="0.004"/>
  <system-out/>
</testsuite> <!-- Saurabhpackage.Testngday2 -->
