<?xml version="1.0" encoding="UTF-8"?>
<!-- Generated by org.testng.reporters.JUnitReportReporter -->
<testsuite hostname="Saurabhchoudhari" failures="0" tests="2" name="Saurabhpackage.Testngday3" time="0.015" errors="0" timestamp="2023-12-26T14:30:54 IST" skipped="0">
  <testcase classname="Saurabhpackage.Testngday3" name="newDemo" time="0.009"/>
  <system-out/>
  <testcase classname="Saurabhpackage.Testngday3" name="oldDemo" time="0.006"/>
  <system-out/>
</testsuite> <!-- Saurabhpackage.Testngday3 -->
