<?xml version="1.0" encoding="UTF-8"?>
<!-- Generated by org.testng.reporters.JUnitReportReporter -->
<testsuite hostname="Saurabhchoudhari" failures="0" tests="4" name="Saurabhpackage.Testngday4" time="0.013" errors="0" timestamp="2023-12-26T14:30:54 IST" skipped="0">
  <testcase classname="Saurabhpackage.Testngday4" name="Demo7" time="0.003"/>
  <system-out/>
  <testcase classname="Saurabhpackage.Testngday4" name="Demo5" time="0.003"/>
  <system-out/>
  <testcase classname="Saurabhpackage.Testngday4" name="Demo7" time="0.003"/>
  <system-out/>
  <testcase classname="Saurabhpackage.Testngday4" name="Demo7" time="0.004"/>
  <system-out/>
</testsuite> <!-- Saurabhpackage.Testngday4 -->
